<?xml version="1.0" encoding="UTF-8"?>
<!-- Generated by org.testng.reporters.JUnitXMLReporter -->
<testsuite ignored="0" hostname="LTIN518445" failures="0" tests="16" name="Test" time="354.752" errors="0" timestamp="2024-06-13T17:54:38 IST">
  <testcase classname="io.cucumber.testng.AbstractTestNGCucumberTests" name="runScenario" time="21.945"/>
  <testcase classname="testcases.Tc_002_HomeLoan" name="valaidateHomeLoan" time="16.727"/>
  <testcase classname="testcases.Tc_003_001_UI_ValidatingEMIcalculator_LoanAmount" name="validatingEMIcalculator_LoanAmount" time="3.557"/>
  <testcase classname="testcases.Tc_003_002_UI_ValidatingEMIcalculator_InterestRate" name="validatingEMIcalculator_InterestRate" time="3.69"/>
  <testcase classname="testcases.Tc_003_003_UI_ValidatingEMIcalculator_LoanTenure" name="validatingEMIcalculator_LoanTenure" time="7.03"/>
  <testcase classname="testcases.Tc_003_004_UI_ValidatingEMIcalculator_FeesAndCharges" name="validatingEMIcalculator_FeesAndCharges" time="3.421"/>
  <testcase classname="testcases.Tc_003_005_UI_ValidatingEMIcalculator_YearAndMonth" name="validatingEMIcalculator_YearAndMonth" time="3.891"/>
  <testcase classname="testcases.Tc_003_006_UI_ValidatingLoanAmountcalculator_Emi" name="validatingLoanAmountcalculator_Emi" time="1.392"/>
  <testcase classname="testcases.Tc_003_007_UI_ValidatingLoanAmountcalculator_InterestRate" name="validatingLoanAmountcalculator_InterestRate" time="3.23"/>
  <testcase classname="testcases.Tc_003_008_UI_ValidatingLoanAmountcalculator_LoanTenture" name="validatingLoanAmountcalculator_LoanTenture" time="3.824"/>
  <testcase classname="testcases.Tc_003_009_UI_ValidatingLoanAmountcalculator_FeesAndCharges" name="validatingLoanAmountcalculator_FeesAndCharges" time="1.601"/>
  <testcase classname="testcases.Tc_003_010_UI_ValidatingLoanAmountcalculator_YearAndMonth" name="validatingLoanAmountcalculator_YearAndMonth" time="5.443"/>
  <testcase classname="testcases.Tc_003_011_UI_ValidatingLoanTenturecalculator_LoanAmount" name="validatingLoanTenturecalculator_LoanAmount" time="4.019"/>
  <testcase classname="testcases.Tc_003_012_UI_ValidatingLoanTenturecalculator_EMI" name="validatingLoanTenturecalculator_EMI" time="4.036"/>
  <testcase classname="testcases.Tc_003_013_UI_ValidatingLoanTenturecalculator_InterestRate" name="validatingLoanTenturecalculator_InterestRate" time="3.809"/>
  <testcase classname="testcases.Tc_003_014_UI_ValidatingLoanTenturecalculator_FeesAndCharges" name="validatingLoanTenturecalculator_FeesAndCharges" time="3.816"/>
</testsuite> <!-- Test -->
