<?xml version="1.0" encoding="UTF-8"?>
<testsuite xmlns:xsi="http://www.w3.org/2001/XMLSchema-instance" xsi:noNamespaceSchemaLocation="https://maven.apache.org/surefire/maven-surefire-plugin/xsd/surefire-test-report-3.0.xsd" version="3.0" name="cucumber.testRunner.TestRunner" time="91.351" tests="3" errors="0" skipped="0" failures="0">
  <properties>
[...]
</properties>
  <testcase name="Validating car loan calculation" classname="Car Loan" time="22.902">
    <system-out><![CDATA[
Scenario Outline: Validating car loan calculation                      # src/test/resources/Features/calcLoan.feature:14
17:40:38.515 [main] INFO  cucumber.hooks.DriverInstance - Web Page opens
17:40:38.539 [main] INFO  cucumber.hooks.DriverInstance - Tapping CarLoan option

    Embedding img-1_carLoan_option.png [image/png 176395 bytes]

Snap has been taken Successfully
  Given user click car loan                                            # cucumber.stepDefinition.CarLoanCalcSteps.userClickCarLoan()
17:40:38.956 [main] INFO  cucumber.hooks.DriverInstance - Entering car loan value

    Embedding img-2_carLoanValue.png [image/png 177102 bytes]

Snap has been taken Successfully
  And send car loan amount value as 1500000                            # cucumber.stepDefinition.CarLoanCalcSteps.sendCarLoanAmountValueAs(java.lang.Integer)
17:40:39.277 [main] INFO  cucumber.hooks.DriverInstance - Entering Interest

    Embedding img-3_interest_value.png [image/png 176930 bytes]

Snap has been taken Successfully
  And send interest rate as 9.5                                        # cucumber.stepDefinition.CarLoanCalcSteps.sendInterestRateAs(java.lang.Double)
17:40:39.883 [main] INFO  cucumber.hooks.DriverInstance - Entering Tenure

    Embedding img-4_loan_tenure.png [image/png 170704 bytes]

Snap has been taken Successfully
  And send loan tensure as 1                                           # cucumber.stepDefinition.CarLoanCalcSteps.sendLoanTenureAs(java.lang.Integer)
  When press enter                                                     # cucumber.stepDefinition.CarLoanCalcSteps.userClickOnYr()
17:40:40.582 [main] INFO  cucumber.hooks.DriverInstance - Capturing interest and principle amount for first month
Interest Amount Of First Month: â‚¹11875
Principle Amount Of First Month: â‚¹119650

    Embedding img-5_interest_principle_amount.png [image/png 75999 bytes]

Snap has been taken Successfully
  Then Display the interest amount and principle amount of first month # cucumber.stepDefinition.CarLoanCalcSteps.displayTheInterestAmountAndPrincipleAmountOfFirstMonth()
]]></system-out>
    <system-err><![CDATA[Jun 24, 2024 5:40:29 PM org.openqa.selenium.devtools.CdpVersionFinder findNearestMatch
WARNING: Unable to find an exact match for CDP version 123, returning the closest version; found: 122; Please update to a Selenium version that supports CDP version 123
]]></system-err>
  </testcase>
  <testcase name="Reading Home Loan Details" classname="Home Loan" time="33.197">
    <system-out><![CDATA[
Scenario Outline: Reading Home Loan Details       # src/test/resources/Features/homeLoanDetails.feature:3
17:41:00.197 [main] INFO  cucumber.hooks.DriverInstance - Web Page opens
17:41:00.199 [main] INFO  cucumber.hooks.DriverInstance - valildating HomeLoan

    Embedding img-6_homeLoanTable.png [image/png 190246 bytes]

Snap has been taken Successfully
  Given home loan details                         # cucumber.stepDefinition.HomeLoanDetails.validateHomeLoan()
17:41:15.785 [main] INFO  cucumber.hooks.DriverInstance - writing the values in the sheets
Output succesfully write in excel file
  And writing home loan details into excel sheets # cucumber.stepDefinition.HomeLoanDetails.WritingHomeLoanDetails()
]]></system-out>
    <system-err><![CDATA[Jun 24, 2024 5:40:51 PM org.openqa.selenium.devtools.CdpVersionFinder findNearestMatch
WARNING: Unable to find an exact match for CDP version 123, returning the closest version; found: 122; Please update to a Selenium version that supports CDP version 123
]]></system-err>
  </testcase>
  <testcase name="Validating Calculator Page UserInterface" classname="Validating userInterface" time="33.54">
    <system-out><![CDATA[
Scenario Outline: Validating Calculator Page UserInterface # src/test/resources/Features/pageUi.feature:3
17:41:32.781 [main] INFO  cucumber.hooks.DriverInstance - Web Page opens

    Embedding img-7_EmiCalculator_LoanAmount_page.png [image/png 216830 bytes]

Snap has been taken Successfully
17:41:40.921 [main] INFO  cucumber.hooks.DriverInstance - Checking EMI_Calculator Elements displayed or not
17:41:42.959 [main] INFO  cucumber.hooks.DriverInstance - Year And Month verified
  When Validating Ui of EmiCalculator_LoanAmount_page      # cucumber.stepDefinition.ValidatingCalculatorPage_Ui.validatingEMIcalculator_LoanAmount()

    Embedding img-8_EmiCalculator_Emi_page.png [image/png 214473 bytes]

Snap has been taken Successfully
17:41:44.867 [main] INFO  cucumber.hooks.DriverInstance - Checking LoanAmount Elements displayed or not
17:41:46.822 [main] INFO  cucumber.hooks.DriverInstance - Year And Month verified
  Then Validating Ui of LoanAmountCalculator_Emi_page      # cucumber.stepDefinition.ValidatingCalculatorPage_Ui.validatingLoanAmountcalculator_Emi()

    Embedding img-9_LoanTenure_calculator.png [image/png 215200 bytes]

Snap has been taken Successfully
17:41:48.482 [main] INFO  cucumber.hooks.DriverInstance - Checking LoanTenure Elements displayed or not
  Then Validating Ui of LoanTenureCalculator_page          # cucumber.stepDefinition.ValidatingCalculatorPage_Ui.validatingLoanTenurecalculator_FeesAndCharges()
]]></system-out>
    <system-err><![CDATA[Jun 24, 2024 5:41:24 PM org.openqa.selenium.devtools.CdpVersionFinder findNearestMatch
WARNING: Unable to find an exact match for CDP version 123, returning the closest version; found: 122; Please update to a Selenium version that supports CDP version 123
]]></system-err>
  </testcase>
</testsuite>