<?xml version="1.0" encoding="UTF-8"?>
<testng-results ignored="0" total="3" passed="3" failed="0" skipped="0">
  <reporter-output>
  </reporter-output>
  <suite started-at="2024-06-21T10:01:01 IST" name="Suite" finished-at="2024-06-21T10:03:32 IST" duration-ms="150537">
    <groups>
      <group name="cucumber">
        <method signature="AbstractTestNGCucumberTests.runScenario(io.cucumber.testng.PickleWrapper,io.cucumber.testng.FeatureWrapper)[pri:0, instance:cucumber.testRunner.Runner@78f5c518]" name="runScenario" class="io.cucumber.testng.AbstractTestNGCucumberTests"/>
      </group> <!-- cucumber -->
    </groups>
    <test started-at="2024-06-21T10:01:01 IST" name="Test" finished-at="2024-06-21T10:03:32 IST" duration-ms="150537">
      <class name="cucumber.testRunner.Runner">
        <test-method is-config="true" signature="setUpClass(org.testng.ITestContext)[pri:0, instance:cucumber.testRunner.Runner@78f5c518]" started-at="2024-06-21T10:01:01 IST" name="setUpClass" finished-at="2024-06-21T10:01:02 IST" duration-ms="697" status="PASS">
          <params>
            <param index="0">
              <value>
                <![CDATA[org.testng.TestRunner@641e67fa]]>
              </value>
            </param>
          </params>
          <reporter-output>
          </reporter-output>
        </test-method> <!-- setUpClass -->
        <test-method signature="runScenario(io.cucumber.testng.PickleWrapper,io.cucumber.testng.FeatureWrapper)[pri:0, instance:cucumber.testRunner.Runner@78f5c518]" started-at="2024-06-21T10:01:02 IST" name="runScenario" description="Runs Cucumber Scenarios" data-provider="scenarios" finished-at="2024-06-21T10:01:31 IST" duration-ms="29290" status="PASS">
          <params>
            <param index="0">
              <value>
                <![CDATA["Validating car loan calculation"]]>
              </value>
            </param>
            <param index="1">
              <value>
                <![CDATA["Car Loan"]]>
              </value>
            </param>
          </params>
          <reporter-output>
          </reporter-output>
        </test-method> <!-- runScenario -->
        <test-method signature="runScenario(io.cucumber.testng.PickleWrapper,io.cucumber.testng.FeatureWrapper)[pri:0, instance:cucumber.testRunner.Runner@78f5c518]" started-at="2024-06-21T10:01:31 IST" name="runScenario" description="Runs Cucumber Scenarios" data-provider="scenarios" finished-at="2024-06-21T10:02:38 IST" duration-ms="66746" status="PASS">
          <params>
            <param index="0">
              <value>
                <![CDATA["Reading Home Loan Details"]]>
              </value>
            </param>
            <param index="1">
              <value>
                <![CDATA["Home Loan"]]>
              </value>
            </param>
          </params>
          <reporter-output>
          </reporter-output>
        </test-method> <!-- runScenario -->
        <test-method signature="runScenario(io.cucumber.testng.PickleWrapper,io.cucumber.testng.FeatureWrapper)[pri:0, instance:cucumber.testRunner.Runner@78f5c518]" started-at="2024-06-21T10:02:38 IST" name="runScenario" description="Runs Cucumber Scenarios" data-provider="scenarios" finished-at="2024-06-21T10:03:32 IST" duration-ms="53748" status="PASS">
          <params>
            <param index="0">
              <value>
                <![CDATA["Validating Calculator Page UserInterface"]]>
              </value>
            </param>
            <param index="1">
              <value>
                <![CDATA["Validating userInterface"]]>
              </value>
            </param>
          </params>
          <reporter-output>
          </reporter-output>
        </test-method> <!-- runScenario -->
        <test-method is-config="true" signature="tearDownClass()[pri:0, instance:cucumber.testRunner.Runner@78f5c518]" started-at="2024-06-21T10:03:32 IST" name="tearDownClass" finished-at="2024-06-21T10:03:32 IST" duration-ms="17" status="PASS">
          <reporter-output>
          </reporter-output>
        </test-method> <!-- tearDownClass -->
      </class> <!-- cucumber.testRunner.Runner -->
    </test> <!-- Test -->
  </suite> <!-- Suite -->
</testng-results>
