<?xml version="1.0" encoding="UTF-8"?>
<testng-results ignored="0" total="3" passed="3" failed="0" skipped="0">
  <reporter-output>
  </reporter-output>
  <suite started-at="2024-06-20T19:52:22 IST" name="Suite" finished-at="2024-06-20T19:53:44 IST" duration-ms="82517">
    <groups>
      <group name="cucumber">
        <method signature="AbstractTestNGCucumberTests.runScenario(io.cucumber.testng.PickleWrapper,io.cucumber.testng.FeatureWrapper)[pri:0, instance:cucumber.testRunner.Runner@78f5c518]" name="runScenario" class="io.cucumber.testng.AbstractTestNGCucumberTests"/>
      </group> <!-- cucumber -->
    </groups>
    <test started-at="2024-06-20T19:52:22 IST" name="Test" finished-at="2024-06-20T19:53:44 IST" duration-ms="82517">
      <class name="cucumber.testRunner.Runner">
        <test-method is-config="true" signature="setUpClass(org.testng.ITestContext)[pri:0, instance:cucumber.testRunner.Runner@78f5c518]" started-at="2024-06-20T19:52:22 IST" name="setUpClass" finished-at="2024-06-20T19:52:23 IST" duration-ms="1058" status="PASS">
          <params>
            <param index="0">
              <value>
                <![CDATA[org.testng.TestRunner@3e489ac1]]>
              </value>
            </param>
          </params>
          <reporter-output>
          </reporter-output>
        </test-method> <!-- setUpClass -->
        <test-method signature="runScenario(io.cucumber.testng.PickleWrapper,io.cucumber.testng.FeatureWrapper)[pri:0, instance:cucumber.testRunner.Runner@78f5c518]" started-at="2024-06-20T19:52:23 IST" name="runScenario" description="Runs Cucumber Scenarios" data-provider="scenarios" finished-at="2024-06-20T19:52:46 IST" duration-ms="23242" status="PASS">
          <params>
            <param index="0">
              <value>
                <![CDATA["Validating car loan calculation"]]>
              </value>
            </param>
            <param index="1">
              <value>
                <![CDATA["Car Loan"]]>
              </value>
            </param>
          </params>
          <reporter-output>
          </reporter-output>
        </test-method> <!-- runScenario -->
        <test-method signature="runScenario(io.cucumber.testng.PickleWrapper,io.cucumber.testng.FeatureWrapper)[pri:0, instance:cucumber.testRunner.Runner@78f5c518]" started-at="2024-06-20T19:52:46 IST" name="runScenario" description="Runs Cucumber Scenarios" data-provider="scenarios" finished-at="2024-06-20T19:53:18 IST" duration-ms="31661" status="PASS">
          <params>
            <param index="0">
              <value>
                <![CDATA["Reading home loan details"]]>
              </value>
            </param>
            <param index="1">
              <value>
                <![CDATA["Home Loan"]]>
              </value>
            </param>
          </params>
          <reporter-output>
          </reporter-output>
        </test-method> <!-- runScenario -->
        <test-method signature="runScenario(io.cucumber.testng.PickleWrapper,io.cucumber.testng.FeatureWrapper)[pri:0, instance:cucumber.testRunner.Runner@78f5c518]" started-at="2024-06-20T19:53:18 IST" name="runScenario" description="Runs Cucumber Scenarios" data-provider="scenarios" finished-at="2024-06-20T19:53:44 IST" duration-ms="26466" status="PASS">
          <params>
            <param index="0">
              <value>
                <![CDATA["Validating Calculator Page Ui"]]>
              </value>
            </param>
            <param index="1">
              <value>
                <![CDATA["Validating_Ui"]]>
              </value>
            </param>
          </params>
          <reporter-output>
          </reporter-output>
        </test-method> <!-- runScenario -->
        <test-method is-config="true" signature="tearDownClass()[pri:0, instance:cucumber.testRunner.Runner@78f5c518]" started-at="2024-06-20T19:53:44 IST" name="tearDownClass" finished-at="2024-06-20T19:53:44 IST" duration-ms="18" status="PASS">
          <reporter-output>
          </reporter-output>
        </test-method> <!-- tearDownClass -->
      </class> <!-- cucumber.testRunner.Runner -->
    </test> <!-- Test -->
  </suite> <!-- Suite -->
</testng-results>
